{"/Users/s1203/Desktop/coding_yoshida/reactStudy/vite-project/src/components/MyUtil/MyUtil.js": {"path":"/Users/s1203/Desktop/coding_yoshida/reactStudy/vite-project/src/components/MyUtil/MyUtil.js","statementMap":{"0":{"start":{"line":2,"column":4},"end":{"line":2,"column":null}}},"fnMap":{"0":{"name":"getTriangleArea","decl":{"start":{"line":1,"column":16},"end":{"line":1,"column":32}},"loc":{"start":{"line":1,"column":53},"end":{"line":2,"column":null}},"line":1}},"branchMap":{"0":{"loc":{"start":{"line":1,"column":32},"end":{"line":1,"column":42}},"type":"default-arg","locations":[{"start":{"line":1,"column":39},"end":{"line":1,"column":42}}],"line":1},"1":{"loc":{"start":{"line":1,"column":42},"end":{"line":1,"column":53}},"type":"default-arg","locations":[{"start":{"line":1,"column":51},"end":{"line":1,"column":53}}],"line":1}},"s":{"0":1},"f":{"0":1},"b":{"0":[1],"1":[1]},"meta":{"lastBranch":2,"lastFunction":1,"lastStatement":1,"seen":{"f:1:16:1:32":0,"b:1:39:1:42":0,"b:1:51:1:53":1,"s:2:4:2:Infinity":0}}}
}
